<?xml version="1.0" encoding="UTF-8"?>
<testsuite name="com.example.quiz.api.UserControllerTest" tests="11" skipped="0" failures="0" errors="0" timestamp="2020-09-15T07:51:29" hostname="hh-computer.local" time="0.696">
  <properties/>
  <testcase name="should_400_when_create_user_given_name_empty()" classname="com.example.quiz.api.UserControllerTest" time="0.538"/>
  <testcase name="should_400_when_create_user_given_too_long_description()" classname="com.example.quiz.api.UserControllerTest" time="0.01"/>
  <testcase name="should_400_when_create_user_given_avatar_is_empty()" classname="com.example.quiz.api.UserControllerTest" time="0.008"/>
  <testcase name="should_400_when_create_user_given_too_long_avatar()" classname="com.example.quiz.api.UserControllerTest" time="0.03"/>
  <testcase name="should_400_when_create_user_given_too_long_name()" classname="com.example.quiz.api.UserControllerTest" time="0.015"/>
  <testcase name="should_get_user_info_by_id()" classname="com.example.quiz.api.UserControllerTest" time="0.024"/>
  <testcase name="should_create_user()" classname="com.example.quiz.api.UserControllerTest" time="0.01"/>
  <testcase name="should_400_when_create_user_given_age_less_than_17()" classname="com.example.quiz.api.UserControllerTest" time="0.008"/>
  <testcase name="should_400_when_create_user_given_name_null()" classname="com.example.quiz.api.UserControllerTest" time="0.007"/>
  <testcase name="should_400_when_create_user_given_too_short_avatar()" classname="com.example.quiz.api.UserControllerTest" time="0.009"/>
  <testcase name="should_400_when_create_user_given_avatar_is_null()" classname="com.example.quiz.api.UserControllerTest" time="0.013"/>
  <system-out><![CDATA[15:51:11.965 [Test worker] DEBUG org.springframework.test.context.BootstrapUtils - Instantiating CacheAwareContextLoaderDelegate from class [org.springframework.test.context.cache.DefaultCacheAwareContextLoaderDelegate]
15:51:11.976 [Test worker] DEBUG org.springframework.test.context.BootstrapUtils - Instantiating BootstrapContext using constructor [public org.springframework.test.context.support.DefaultBootstrapContext(java.lang.Class,org.springframework.test.context.CacheAwareContextLoaderDelegate)]
15:51:12.020 [Test worker] DEBUG org.springframework.test.context.BootstrapUtils - Instantiating TestContextBootstrapper for test class [com.example.quiz.api.UserControllerTest] from class [org.springframework.boot.test.context.SpringBootTestContextBootstrapper]
15:51:12.041 [Test worker] INFO org.springframework.boot.test.context.SpringBootTestContextBootstrapper - Neither @ContextConfiguration nor @ContextHierarchy found for test class [com.example.quiz.api.UserControllerTest], using SpringBootContextLoader
15:51:12.046 [Test worker] DEBUG org.springframework.test.context.support.AbstractContextLoader - Did not detect default resource location for test class [com.example.quiz.api.UserControllerTest]: class path resource [com/example/quiz/api/UserControllerTest-context.xml] does not exist
15:51:12.047 [Test worker] DEBUG org.springframework.test.context.support.AbstractContextLoader - Did not detect default resource location for test class [com.example.quiz.api.UserControllerTest]: class path resource [com/example/quiz/api/UserControllerTestContext.groovy] does not exist
15:51:12.047 [Test worker] INFO org.springframework.test.context.support.AbstractContextLoader - Could not detect default resource locations for test class [com.example.quiz.api.UserControllerTest]: no resource found for suffixes {-context.xml, Context.groovy}.
15:51:12.048 [Test worker] INFO org.springframework.test.context.support.AnnotationConfigContextLoaderUtils - Could not detect default configuration classes for test class [com.example.quiz.api.UserControllerTest]: UserControllerTest does not declare any static, non-private, non-final, nested classes annotated with @Configuration.
15:51:12.096 [Test worker] DEBUG org.springframework.test.context.support.ActiveProfilesUtils - Could not find an 'annotation declaring class' for annotation type [org.springframework.test.context.ActiveProfiles] and class [com.example.quiz.api.UserControllerTest]
15:51:12.194 [Test worker] DEBUG org.springframework.context.annotation.ClassPathScanningCandidateComponentProvider - Identified candidate component class: file [/Users/xuhuihui/Desktop/B-basic-quiz/build/classes/java/main/com/example/quiz/QuizApplication.class]
15:51:12.195 [Test worker] INFO org.springframework.boot.test.context.SpringBootTestContextBootstrapper - Found @SpringBootConfiguration com.example.quiz.QuizApplication for test class com.example.quiz.api.UserControllerTest
15:51:12.318 [Test worker] DEBUG org.springframework.boot.test.context.SpringBootTestContextBootstrapper - @TestExecutionListeners is not present for class [com.example.quiz.api.UserControllerTest]: using defaults.
15:51:12.319 [Test worker] INFO org.springframework.boot.test.context.SpringBootTestContextBootstrapper - Loaded default TestExecutionListener class names from location [META-INF/spring.factories]: [org.springframework.boot.test.autoconfigure.restdocs.RestDocsTestExecutionListener, org.springframework.boot.test.autoconfigure.web.client.MockRestServiceServerResetTestExecutionListener, org.springframework.boot.test.autoconfigure.web.servlet.MockMvcPrintOnlyOnFailureTestExecutionListener, org.springframework.boot.test.autoconfigure.web.servlet.WebDriverTestExecutionListener, org.springframework.boot.test.autoconfigure.webservices.client.MockWebServiceServerTestExecutionListener, org.springframework.boot.test.mock.mockito.MockitoTestExecutionListener, org.springframework.boot.test.mock.mockito.ResetMocksTestExecutionListener, org.springframework.test.context.web.ServletTestExecutionListener, org.springframework.test.context.support.DirtiesContextBeforeModesTestExecutionListener, org.springframework.test.context.support.DependencyInjectionTestExecutionListener, org.springframework.test.context.support.DirtiesContextTestExecutionListener, org.springframework.test.context.transaction.TransactionalTestExecutionListener, org.springframework.test.context.jdbc.SqlScriptsTestExecutionListener, org.springframework.test.context.event.EventPublishingTestExecutionListener]
15:51:12.330 [Test worker] DEBUG org.springframework.boot.test.context.SpringBootTestContextBootstrapper - Skipping candidate TestExecutionListener [org.springframework.test.context.transaction.TransactionalTestExecutionListener] due to a missing dependency. Specify custom listener classes or make the default listener classes and their required dependencies available. Offending class: [org/springframework/transaction/TransactionDefinition]
15:51:12.330 [Test worker] DEBUG org.springframework.boot.test.context.SpringBootTestContextBootstrapper - Skipping candidate TestExecutionListener [org.springframework.test.context.jdbc.SqlScriptsTestExecutionListener] due to a missing dependency. Specify custom listener classes or make the default listener classes and their required dependencies available. Offending class: [org/springframework/transaction/interceptor/TransactionAttribute]
15:51:12.331 [Test worker] INFO org.springframework.boot.test.context.SpringBootTestContextBootstrapper - Using TestExecutionListeners: [org.springframework.test.context.web.ServletTestExecutionListener@299c58b5, org.springframework.test.context.support.DirtiesContextBeforeModesTestExecutionListener@7b843bfe, org.springframework.boot.test.mock.mockito.MockitoTestExecutionListener@6444042, org.springframework.boot.test.autoconfigure.SpringBootDependencyInjectionTestExecutionListener@6d9910d3, org.springframework.test.context.support.DirtiesContextTestExecutionListener@268bb425, org.springframework.test.context.event.EventPublishingTestExecutionListener@7c0a20c1, org.springframework.boot.test.autoconfigure.restdocs.RestDocsTestExecutionListener@58e82952, org.springframework.boot.test.autoconfigure.web.client.MockRestServiceServerResetTestExecutionListener@7d52b514, org.springframework.boot.test.autoconfigure.web.servlet.MockMvcPrintOnlyOnFailureTestExecutionListener@6031c07, org.springframework.boot.test.autoconfigure.web.servlet.WebDriverTestExecutionListener@2ba2282e, org.springframework.boot.test.autoconfigure.webservices.client.MockWebServiceServerTestExecutionListener@321936b1, org.springframework.boot.test.mock.mockito.ResetMocksTestExecutionListener@5a8bdff3]
15:51:12.335 [Test worker] DEBUG org.springframework.test.context.support.AbstractDirtiesContextTestExecutionListener - Before test class: context [DefaultTestContext@39b2d67c testClass = UserControllerTest, testInstance = [null], testMethod = [null], testException = [null], mergedContextConfiguration = [WebMergedContextConfiguration@22d5a4a9 testClass = UserControllerTest, locations = '{}', classes = '{class com.example.quiz.QuizApplication}', contextInitializerClasses = '[]', activeProfiles = '{}', propertySourceLocations = '{}', propertySourceProperties = '{org.springframework.boot.test.context.SpringBootTestContextBootstrapper=true}', contextCustomizers = set[org.springframework.boot.test.autoconfigure.properties.PropertyMappingContextCustomizer@4b3fa0b3, org.springframework.boot.test.autoconfigure.web.servlet.WebDriverContextCustomizerFactory$Customizer@7798ee2a, [ImportsContextCustomizer@471c8c17 key = [org.springframework.boot.test.autoconfigure.web.servlet.MockMvcAutoConfiguration, org.springframework.boot.test.autoconfigure.web.servlet.MockMvcWebClientAutoConfiguration, org.springframework.boot.test.autoconfigure.web.servlet.MockMvcWebDriverAutoConfiguration, org.springframework.boot.autoconfigure.security.oauth2.client.servlet.OAuth2ClientAutoConfiguration, org.springframework.boot.autoconfigure.security.oauth2.resource.servlet.OAuth2ResourceServerAutoConfiguration, org.springframework.boot.autoconfigure.security.servlet.SecurityAutoConfiguration, org.springframework.boot.autoconfigure.security.servlet.SecurityFilterAutoConfiguration, org.springframework.boot.autoconfigure.security.servlet.UserDetailsServiceAutoConfiguration, org.springframework.boot.test.autoconfigure.web.servlet.MockMvcSecurityConfiguration]], org.springframework.boot.test.context.filter.ExcludeFilterContextCustomizer@2a5b9cee, org.springframework.boot.test.json.DuplicateJsonObjectContextCustomizerFactory$DuplicateJsonObjectContextCustomizer@a2dde37, org.springframework.boot.test.mock.mockito.MockitoContextCustomizer@0, org.springframework.boot.test.web.client.TestRestTemplateContextCustomizer@7633e2cd, org.springframework.boot.test.context.SpringBootTestArgs@1], resourceBasePath = 'src/main/webapp', contextLoader = 'org.springframework.boot.test.context.SpringBootContextLoader', parent = [null]], attributes = map['org.springframework.test.context.web.ServletTestExecutionListener.activateListener' -> true]], class annotated with @DirtiesContext [false] with mode [null].
15:51:12.548 [Test worker] DEBUG org.springframework.test.context.support.TestPropertySourceUtils - Adding inlined properties to environment: {spring.jmx.enabled=false, org.springframework.boot.test.context.SpringBootTestContextBootstrapper=true}

  .   ____          _            __ _ _
 /\\ / ___'_ __ _ _(_)_ __  __ _ \ \ \ \
( ( )\___ | '_ | '_| | '_ \/ _` | \ \ \ \
 \\/  ___)| |_)| | | | | || (_| |  ) ) ) )
  '  |____| .__|_| |_|_| |_\__, | / / / /
 =========|_|==============|___/=/_/_/_/
 :: Spring Boot ::        (v2.3.3.RELEASE)

2020-09-15 15:51:22.822  WARN 50119 --- [    Test worker] o.s.boot.StartupInfoLogger               : InetAddress.getLocalHost().getHostName() took 5004 milliseconds to respond. Please verify your network configuration (macOS machines may need to add entries to /etc/hosts).
2020-09-15 15:51:27.827  INFO 50119 --- [    Test worker] com.example.quiz.api.UserControllerTest  : Starting UserControllerTest on hh-computer.local with PID 50119 (started by xuhuihui in /Users/xuhuihui/Desktop/B-basic-quiz)
2020-09-15 15:51:27.828  INFO 50119 --- [    Test worker] com.example.quiz.api.UserControllerTest  : No active profile set, falling back to default profiles: default
2020-09-15 15:51:29.339  INFO 50119 --- [    Test worker] o.s.s.concurrent.ThreadPoolTaskExecutor  : Initializing ExecutorService 'applicationTaskExecutor'
2020-09-15 15:51:29.785  INFO 50119 --- [    Test worker] o.s.b.t.m.w.SpringBootMockServletContext : Initializing Spring TestDispatcherServlet ''
2020-09-15 15:51:29.785  INFO 50119 --- [    Test worker] o.s.t.web.servlet.TestDispatcherServlet  : Initializing Servlet ''
2020-09-15 15:51:29.798  INFO 50119 --- [    Test worker] o.s.t.web.servlet.TestDispatcherServlet  : Completed initialization in 12 ms
2020-09-15 15:51:29.909  INFO 50119 --- [    Test worker] com.example.quiz.api.UserControllerTest  : Started UserControllerTest in 17.352 seconds (JVM running for 18.745)
]]></system-out>
  <system-err><![CDATA[]]></system-err>
</testsuite>
