<?xml version="1.0" encoding="UTF-8"?>
<testsuite name="com.example.quiz.api.UserControllerTest" tests="12" skipped="0" failures="0" errors="0" timestamp="2020-09-15T07:56:45" hostname="hh-computer.local" time="0.662">
  <properties/>
  <testcase name="should_400_when_create_user_given_name_empty()" classname="com.example.quiz.api.UserControllerTest" time="0.512"/>
  <testcase name="should_400_when_create_user_given_too_long_description()" classname="com.example.quiz.api.UserControllerTest" time="0.011"/>
  <testcase name="should_400_when_create_user_given_avatar_is_empty()" classname="com.example.quiz.api.UserControllerTest" time="0.013"/>
  <testcase name="should_400_when_create_user_given_too_long_avatar()" classname="com.example.quiz.api.UserControllerTest" time="0.007"/>
  <testcase name="should_404_when_get_user_info_given_invalid_id()" classname="com.example.quiz.api.UserControllerTest" time="0.025"/>
  <testcase name="should_400_when_create_user_given_too_long_name()" classname="com.example.quiz.api.UserControllerTest" time="0.016"/>
  <testcase name="should_get_user_info_by_id()" classname="com.example.quiz.api.UserControllerTest" time="0.016"/>
  <testcase name="should_create_user()" classname="com.example.quiz.api.UserControllerTest" time="0.017"/>
  <testcase name="should_400_when_create_user_given_age_less_than_17()" classname="com.example.quiz.api.UserControllerTest" time="0.008"/>
  <testcase name="should_400_when_create_user_given_name_null()" classname="com.example.quiz.api.UserControllerTest" time="0.005"/>
  <testcase name="should_400_when_create_user_given_too_short_avatar()" classname="com.example.quiz.api.UserControllerTest" time="0.006"/>
  <testcase name="should_400_when_create_user_given_avatar_is_null()" classname="com.example.quiz.api.UserControllerTest" time="0.007"/>
  <system-out><![CDATA[15:56:28.450 [Test worker] DEBUG org.springframework.test.context.BootstrapUtils - Instantiating CacheAwareContextLoaderDelegate from class [org.springframework.test.context.cache.DefaultCacheAwareContextLoaderDelegate]
15:56:28.462 [Test worker] DEBUG org.springframework.test.context.BootstrapUtils - Instantiating BootstrapContext using constructor [public org.springframework.test.context.support.DefaultBootstrapContext(java.lang.Class,org.springframework.test.context.CacheAwareContextLoaderDelegate)]
15:56:28.489 [Test worker] DEBUG org.springframework.test.context.BootstrapUtils - Instantiating TestContextBootstrapper for test class [com.example.quiz.api.UserControllerTest] from class [org.springframework.boot.test.context.SpringBootTestContextBootstrapper]
15:56:28.501 [Test worker] INFO org.springframework.boot.test.context.SpringBootTestContextBootstrapper - Neither @ContextConfiguration nor @ContextHierarchy found for test class [com.example.quiz.api.UserControllerTest], using SpringBootContextLoader
15:56:28.504 [Test worker] DEBUG org.springframework.test.context.support.AbstractContextLoader - Did not detect default resource location for test class [com.example.quiz.api.UserControllerTest]: class path resource [com/example/quiz/api/UserControllerTest-context.xml] does not exist
15:56:28.505 [Test worker] DEBUG org.springframework.test.context.support.AbstractContextLoader - Did not detect default resource location for test class [com.example.quiz.api.UserControllerTest]: class path resource [com/example/quiz/api/UserControllerTestContext.groovy] does not exist
15:56:28.505 [Test worker] INFO org.springframework.test.context.support.AbstractContextLoader - Could not detect default resource locations for test class [com.example.quiz.api.UserControllerTest]: no resource found for suffixes {-context.xml, Context.groovy}.
15:56:28.506 [Test worker] INFO org.springframework.test.context.support.AnnotationConfigContextLoaderUtils - Could not detect default configuration classes for test class [com.example.quiz.api.UserControllerTest]: UserControllerTest does not declare any static, non-private, non-final, nested classes annotated with @Configuration.
15:56:28.565 [Test worker] DEBUG org.springframework.test.context.support.ActiveProfilesUtils - Could not find an 'annotation declaring class' for annotation type [org.springframework.test.context.ActiveProfiles] and class [com.example.quiz.api.UserControllerTest]
15:56:28.640 [Test worker] DEBUG org.springframework.context.annotation.ClassPathScanningCandidateComponentProvider - Identified candidate component class: file [/Users/xuhuihui/Desktop/B-basic-quiz/build/classes/java/main/com/example/quiz/QuizApplication.class]
15:56:28.641 [Test worker] INFO org.springframework.boot.test.context.SpringBootTestContextBootstrapper - Found @SpringBootConfiguration com.example.quiz.QuizApplication for test class com.example.quiz.api.UserControllerTest
15:56:28.759 [Test worker] DEBUG org.springframework.boot.test.context.SpringBootTestContextBootstrapper - @TestExecutionListeners is not present for class [com.example.quiz.api.UserControllerTest]: using defaults.
15:56:28.759 [Test worker] INFO org.springframework.boot.test.context.SpringBootTestContextBootstrapper - Loaded default TestExecutionListener class names from location [META-INF/spring.factories]: [org.springframework.boot.test.autoconfigure.restdocs.RestDocsTestExecutionListener, org.springframework.boot.test.autoconfigure.web.client.MockRestServiceServerResetTestExecutionListener, org.springframework.boot.test.autoconfigure.web.servlet.MockMvcPrintOnlyOnFailureTestExecutionListener, org.springframework.boot.test.autoconfigure.web.servlet.WebDriverTestExecutionListener, org.springframework.boot.test.autoconfigure.webservices.client.MockWebServiceServerTestExecutionListener, org.springframework.boot.test.mock.mockito.MockitoTestExecutionListener, org.springframework.boot.test.mock.mockito.ResetMocksTestExecutionListener, org.springframework.test.context.web.ServletTestExecutionListener, org.springframework.test.context.support.DirtiesContextBeforeModesTestExecutionListener, org.springframework.test.context.support.DependencyInjectionTestExecutionListener, org.springframework.test.context.support.DirtiesContextTestExecutionListener, org.springframework.test.context.transaction.TransactionalTestExecutionListener, org.springframework.test.context.jdbc.SqlScriptsTestExecutionListener, org.springframework.test.context.event.EventPublishingTestExecutionListener]
15:56:28.770 [Test worker] DEBUG org.springframework.boot.test.context.SpringBootTestContextBootstrapper - Skipping candidate TestExecutionListener [org.springframework.test.context.transaction.TransactionalTestExecutionListener] due to a missing dependency. Specify custom listener classes or make the default listener classes and their required dependencies available. Offending class: [org/springframework/transaction/TransactionDefinition]
15:56:28.771 [Test worker] DEBUG org.springframework.boot.test.context.SpringBootTestContextBootstrapper - Skipping candidate TestExecutionListener [org.springframework.test.context.jdbc.SqlScriptsTestExecutionListener] due to a missing dependency. Specify custom listener classes or make the default listener classes and their required dependencies available. Offending class: [org/springframework/transaction/interceptor/TransactionAttribute]
15:56:28.772 [Test worker] INFO org.springframework.boot.test.context.SpringBootTestContextBootstrapper - Using TestExecutionListeners: [org.springframework.test.context.web.ServletTestExecutionListener@3fdf1cc5, org.springframework.test.context.support.DirtiesContextBeforeModesTestExecutionListener@1690cb13, org.springframework.boot.test.mock.mockito.MockitoTestExecutionListener@27e926e5, org.springframework.boot.test.autoconfigure.SpringBootDependencyInjectionTestExecutionListener@2dbd2cd2, org.springframework.test.context.support.DirtiesContextTestExecutionListener@6ac32494, org.springframework.test.context.event.EventPublishingTestExecutionListener@7a1bb28c, org.springframework.boot.test.autoconfigure.restdocs.RestDocsTestExecutionListener@142b6d24, org.springframework.boot.test.autoconfigure.web.client.MockRestServiceServerResetTestExecutionListener@503418cf, org.springframework.boot.test.autoconfigure.web.servlet.MockMvcPrintOnlyOnFailureTestExecutionListener@23a071d9, org.springframework.boot.test.autoconfigure.web.servlet.WebDriverTestExecutionListener@48828f3, org.springframework.boot.test.autoconfigure.webservices.client.MockWebServiceServerTestExecutionListener@4b05370b, org.springframework.boot.test.mock.mockito.ResetMocksTestExecutionListener@3b07acc4]
15:56:28.776 [Test worker] DEBUG org.springframework.test.context.support.AbstractDirtiesContextTestExecutionListener - Before test class: context [DefaultTestContext@4cd9bfcd testClass = UserControllerTest, testInstance = [null], testMethod = [null], testException = [null], mergedContextConfiguration = [WebMergedContextConfiguration@77eca022 testClass = UserControllerTest, locations = '{}', classes = '{class com.example.quiz.QuizApplication}', contextInitializerClasses = '[]', activeProfiles = '{}', propertySourceLocations = '{}', propertySourceProperties = '{org.springframework.boot.test.context.SpringBootTestContextBootstrapper=true}', contextCustomizers = set[org.springframework.boot.test.autoconfigure.properties.PropertyMappingContextCustomizer@4b3fa0b3, org.springframework.boot.test.autoconfigure.web.servlet.WebDriverContextCustomizerFactory$Customizer@43a7d725, [ImportsContextCustomizer@70abc55d key = [org.springframework.boot.test.autoconfigure.web.servlet.MockMvcAutoConfiguration, org.springframework.boot.test.autoconfigure.web.servlet.MockMvcWebClientAutoConfiguration, org.springframework.boot.test.autoconfigure.web.servlet.MockMvcWebDriverAutoConfiguration, org.springframework.boot.autoconfigure.security.oauth2.client.servlet.OAuth2ClientAutoConfiguration, org.springframework.boot.autoconfigure.security.oauth2.resource.servlet.OAuth2ResourceServerAutoConfiguration, org.springframework.boot.autoconfigure.security.servlet.SecurityAutoConfiguration, org.springframework.boot.autoconfigure.security.servlet.SecurityFilterAutoConfiguration, org.springframework.boot.autoconfigure.security.servlet.UserDetailsServiceAutoConfiguration, org.springframework.boot.test.autoconfigure.web.servlet.MockMvcSecurityConfiguration]], org.springframework.boot.test.context.filter.ExcludeFilterContextCustomizer@6862a50c, org.springframework.boot.test.json.DuplicateJsonObjectContextCustomizerFactory$DuplicateJsonObjectContextCustomizer@6229ab3b, org.springframework.boot.test.mock.mockito.MockitoContextCustomizer@0, org.springframework.boot.test.web.client.TestRestTemplateContextCustomizer@13dc0b60, org.springframework.boot.test.context.SpringBootTestArgs@1], resourceBasePath = 'src/main/webapp', contextLoader = 'org.springframework.boot.test.context.SpringBootContextLoader', parent = [null]], attributes = map['org.springframework.test.context.web.ServletTestExecutionListener.activateListener' -> true]], class annotated with @DirtiesContext [false] with mode [null].
15:56:28.975 [Test worker] DEBUG org.springframework.test.context.support.TestPropertySourceUtils - Adding inlined properties to environment: {spring.jmx.enabled=false, org.springframework.boot.test.context.SpringBootTestContextBootstrapper=true}

  .   ____          _            __ _ _
 /\\ / ___'_ __ _ _(_)_ __  __ _ \ \ \ \
( ( )\___ | '_ | '_| | '_ \/ _` | \ \ \ \
 \\/  ___)| |_)| | | | | || (_| |  ) ) ) )
  '  |____| .__|_| |_|_| |_\__, | / / / /
 =========|_|==============|___/=/_/_/_/
 :: Spring Boot ::        (v2.3.3.RELEASE)

2020-09-15 15:56:39.245  WARN 50248 --- [    Test worker] o.s.boot.StartupInfoLogger               : InetAddress.getLocalHost().getHostName() took 5002 milliseconds to respond. Please verify your network configuration (macOS machines may need to add entries to /etc/hosts).
2020-09-15 15:56:44.253  INFO 50248 --- [    Test worker] com.example.quiz.api.UserControllerTest  : Starting UserControllerTest on hh-computer.local with PID 50248 (started by xuhuihui in /Users/xuhuihui/Desktop/B-basic-quiz)
2020-09-15 15:56:44.254  INFO 50248 --- [    Test worker] com.example.quiz.api.UserControllerTest  : No active profile set, falling back to default profiles: default
2020-09-15 15:56:45.456  INFO 50248 --- [    Test worker] o.s.s.concurrent.ThreadPoolTaskExecutor  : Initializing ExecutorService 'applicationTaskExecutor'
2020-09-15 15:56:45.812  INFO 50248 --- [    Test worker] o.s.b.t.m.w.SpringBootMockServletContext : Initializing Spring TestDispatcherServlet ''
2020-09-15 15:56:45.812  INFO 50248 --- [    Test worker] o.s.t.web.servlet.TestDispatcherServlet  : Initializing Servlet ''
2020-09-15 15:56:45.829  INFO 50248 --- [    Test worker] o.s.t.web.servlet.TestDispatcherServlet  : Completed initialization in 17 ms
2020-09-15 15:56:45.916  INFO 50248 --- [    Test worker] com.example.quiz.api.UserControllerTest  : Started UserControllerTest in 16.931 seconds (JVM running for 18.31)
]]></system-out>
  <system-err><![CDATA[]]></system-err>
</testsuite>
